<?xml version="1.0" encoding="UTF-8"?>
<!-- Generated by org.testng.reporters.JUnitReportReporter -->
<testsuite hostname="MRAHMAN" failures="0" tests="1" name="com.facebook.TestNGtest" time="0.036" errors="0" timestamp="2023-01-19T20:11:29 EST" skipped="0">
  <testcase classname="com.facebook.TestNGtest" name="HelloTest" time="0.036"/>
  <system-out/>
</testsuite> <!-- com.facebook.TestNGtest -->
