<?xml version="1.0" encoding="UTF-8"?>
<!-- Generated by org.testng.reporters.JUnitReportReporter -->
<testsuite hostname="MRAHMAN" failures="0" tests="3" name="com.facebook_lognTestwithpagefactory.PageFactoryLoginTest" time="23.733" errors="0" timestamp="2023-02-23T20:45:33 EST" skipped="0">
  <testcase classname="com.facebook_lognTestwithpagefactory.PageFactoryLoginTest" name="validUserNameTest" time="7.181"/>
  <system-out/>
  <testcase classname="com.facebook_lognTestwithpagefactory.PageFactoryLoginTest" name="doLoginTest" time="9.292"/>
  <system-out/>
  <testcase classname="com.facebook_lognTestwithpagefactory.PageFactoryLoginTest" name="validPasswordTest" time="7.260"/>
  <system-out/>
</testsuite> <!-- com.facebook_lognTestwithpagefactory.PageFactoryLoginTest -->
