<?xml version="1.0" encoding="UTF-8"?>
<!-- Generated by org.testng.reporters.JUnitReportReporter -->
<testsuite hostname="MRAHMAN" failures="0" tests="2" name="com.facebook_lognTest.LoginTest" time="25.613" errors="0" timestamp="2023-02-02T19:23:39 EST" skipped="0">
  <testcase classname="com.facebook_lognTest.LoginTest" name="validLoginTest" time="15.635"/>
  <system-out/>
  <testcase classname="com.facebook_lognTest.LoginTest" name="validLoginTest1" time="9.978"/>
  <system-out/>
</testsuite> <!-- com.facebook_lognTest.LoginTest -->
