<?xml version="1.0" encoding="UTF-8"?>
<!-- Generated by org.testng.reporters.JUnitReportReporter -->
<testsuite hostname="MRAHMAN" failures="0" tests="2" name="com.facebook_lognTest.LoginWithMethodSignatureTest" time="14.849" errors="0" timestamp="2023-01-26T20:12:25 EST" skipped="0">
  <testcase classname="com.facebook_lognTest.LoginWithMethodSignatureTest" name="validLoginTest" time="8.323"/>
  <system-out/>
  <testcase classname="com.facebook_lognTest.LoginWithMethodSignatureTest" name="validLoginTest1" time="6.526"/>
  <system-out/>
</testsuite> <!-- com.facebook_lognTest.LoginWithMethodSignatureTest -->
