<?xml version="1.0" encoding="UTF-8"?>
<!-- Generated by org.testng.reporters.JUnitReportReporter -->
<testsuite hostname="MRAHMAN" failures="0" tests="3" name="com.facebook_lognTestwithpagefactory.PageFactoryLoginTest" time="34.151" errors="0" timestamp="2023-02-07T20:29:35 EST" skipped="0">
  <testcase classname="com.facebook_lognTestwithpagefactory.PageFactoryLoginTest" name="validPasswordTest" time="11.908"/>
  <system-out/>
  <testcase classname="com.facebook_lognTestwithpagefactory.PageFactoryLoginTest" name="doLoginTest" time="8.934"/>
  <system-out/>
  <testcase classname="com.facebook_lognTestwithpagefactory.PageFactoryLoginTest" name="validUserNameTest" time="13.309"/>
  <system-out/>
</testsuite> <!-- com.facebook_lognTestwithpagefactory.PageFactoryLoginTest -->
